<?xml version="1.0" encoding="UTF-8"?>
<!-- Generated by org.testng.reporters.JUnitReportReporter -->
<testsuite skipped="0" hostname="CRKRL-KAMRAFAR1" name="Automation.NewTest" tests="1" failures="0" timestamp="2019-11-14T20:04:07 PKT" time="0.011" errors="0">
  <testcase name="f" time="0.011" classname="Automation.NewTest"/>
</testsuite> <!-- Automation.NewTest -->
